<?xml version="1.0" encoding="UTF-8"?>
<testng-results skipped="0" failed="0" total="1" passed="1">
  <reporter-output>
    <line>
      <![CDATA[STEP1]]>
    </line>
    <line>
      <![CDATA[STEP2]]>
    </line>
    <line>
      <![CDATA[STEP3]]>
    </line>
    <line>
      <![CDATA[STEP4]]>
    </line>
    <line>
      <![CDATA[STEP5]]>
    </line>
    <line>
      <![CDATA[STEP6]]>
    </line>
    <line>
      <![CDATA[STEP7]]>
    </line>
    <line>
      <![CDATA[STEP8]]>
    </line>
    <line>
      <![CDATA[STEP9]]>
    </line>
    <line>
      <![CDATA[STEP10]]>
    </line>
    <line>
      <![CDATA[STEP11]]>
    </line>
    <line>
      <![CDATA[STEP12]]>
    </line>
  </reporter-output>
  <suite name="Default suite" duration-ms="78300" started-at="2016-09-14T05:14:06Z" finished-at="2016-09-14T05:15:25Z">
    <groups>
    </groups>
    <test name="Default test" duration-ms="78300" started-at="2016-09-14T05:14:06Z" finished-at="2016-09-14T05:15:25Z">
      <class name="keyword.framework.RunScripts">
        <test-method status="PASS" signature="runScripts()[pri:0, instance:keyword.framework.RunScripts@d25987]" name="runScripts" duration-ms="78222" started-at="2016-09-14T10:44:06Z" finished-at="2016-09-14T10:45:25Z">
          <reporter-output>
            <line>
              <![CDATA[STEP1]]>
            </line>
            <line>
              <![CDATA[STEP2]]>
            </line>
            <line>
              <![CDATA[STEP3]]>
            </line>
            <line>
              <![CDATA[STEP4]]>
            </line>
            <line>
              <![CDATA[STEP5]]>
            </line>
            <line>
              <![CDATA[STEP6]]>
            </line>
            <line>
              <![CDATA[STEP7]]>
            </line>
            <line>
              <![CDATA[STEP8]]>
            </line>
            <line>
              <![CDATA[STEP9]]>
            </line>
            <line>
              <![CDATA[STEP10]]>
            </line>
            <line>
              <![CDATA[STEP11]]>
            </line>
            <line>
              <![CDATA[STEP12]]>
            </line>
          </reporter-output>
        </test-method> <!-- runScripts -->
      </class> <!-- keyword.framework.RunScripts -->
    </test> <!-- Default test -->
  </suite> <!-- Default suite -->
</testng-results>
